<?xml version="1.0" encoding="UTF-8"?>
<!-- Generated by org.testng.reporters.JUnitReportReporter -->
<testsuite hostname="qedgelab5-PC" name="driverScript.AppTest" tests="1" failures="0" timestamp="20 Feb 2020 05:52:46 GMT" time="71.685" errors="0">
  <testcase name="f" time="71.685" classname="driverScript.AppTest"/>
</testsuite> <!-- driverScript.AppTest -->
